<?xml version="1.0" encoding="UTF-8"?>
<!-- Generated by org.testng.reporters.JUnitReportReporter -->
<testsuite skipped="0" hostname="LAPTOP-9VS3EFBC" name="util.BrowserFactory" tests="1" failures="0" timestamp="2022-06-06T23:33:18 EDT" time="3.595" errors="0">
  <testcase name="init" time="3.595" classname="util.BrowserFactory"/>
  <system-out/>
</testsuite> <!-- util.BrowserFactory -->
