<?xml version="1.0" encoding="UTF-8"?>
<!-- Generated by org.testng.reporters.JUnitReportReporter -->
<testsuite skipped="0" hostname="LAPTOP-9VS3EFBC" name="Test.LoginTest" tests="1" failures="0" timestamp="10 Jun 2022 04:18:41 GMT" time="4.149" errors="0">
  <testcase name="validUserShouldBeAbleToLogin" time="4.149" classname="Test.LoginTest"/>
</testsuite> <!-- Test.LoginTest -->
